c:\users\boomy\desktop\humber\game-105\sdl\sdl_project\debug\vc143.pdb
c:\users\boomy\desktop\humber\game-105\sdl\sdl_project\debug\vc143.idb
c:\users\boomy\desktop\humber\game-105\sdl\sdl_project\debug\window.obj
c:\users\boomy\desktop\humber\game-105\sdl\sdl_project\debug\timer.obj
c:\users\boomy\desktop\humber\game-105\sdl\sdl_project\debug\scene1.obj
c:\users\boomy\desktop\humber\game-105\sdl\sdl_project\debug\scene0.obj
c:\users\boomy\desktop\humber\game-105\sdl\sdl_project\debug\main.obj
c:\users\boomy\desktop\humber\game-105\sdl\sdl_project\debug\gamemanager.obj
c:\users\boomy\desktop\humber\game-105\sdl\sdl_project\debug\entity.obj
c:\users\boomy\desktop\humber\game-105\sdl\debug\sdl_project.exe
c:\users\boomy\desktop\humber\game-105\sdl\debug\sdl_project.pdb
c:\users\boomy\desktop\humber\game-105\sdl\sdl_project\debug\sdl_project.ilk
c:\users\boomy\desktop\humber\game-105\sdl\sdl_project\debug\sdl_project.tlog\cl.command.1.tlog
c:\users\boomy\desktop\humber\game-105\sdl\sdl_project\debug\sdl_project.tlog\cl.items.tlog
c:\users\boomy\desktop\humber\game-105\sdl\sdl_project\debug\sdl_project.tlog\cl.read.1.tlog
c:\users\boomy\desktop\humber\game-105\sdl\sdl_project\debug\sdl_project.tlog\cl.write.1.tlog
c:\users\boomy\desktop\humber\game-105\sdl\sdl_project\debug\sdl_project.tlog\link.command.1.tlog
c:\users\boomy\desktop\humber\game-105\sdl\sdl_project\debug\sdl_project.tlog\link.read.1.tlog
c:\users\boomy\desktop\humber\game-105\sdl\sdl_project\debug\sdl_project.tlog\link.secondary.1.tlog
c:\users\boomy\desktop\humber\game-105\sdl\sdl_project\debug\sdl_project.tlog\link.write.1.tlog
