  Entity.cpp
  GameManager.cpp
C:\Users\boomy\Desktop\humber\game-105\SDL\SDL_Project\Entity.cpp(45,21): warning C4244: 'argument': conversion from 'double' to 'float', possible loss of data
C:\Users\boomy\Desktop\humber\game-105\SDL\SDL_Project\Entity.cpp(44,21): warning C4244: 'argument': conversion from 'double' to 'float', possible loss of data
  Main.cpp
  Scene0.cpp
C:\Users\boomy\Desktop\humber\game-105\SDL\SDL_Project\Scene0.cpp(104,41): warning C4244: '=': conversion from 'float' to 'int', possible loss of data
C:\Users\boomy\Desktop\humber\game-105\SDL\SDL_Project\Scene0.cpp(105,41): warning C4244: '=': conversion from 'float' to 'int', possible loss of data
  This is wrong: Vec4 cross(const Vec4& a, const Vec4& b)
  This questionable: Vec4 inverse(const Vec4& v)
  Scene1.cpp
  This is wrong: Vec4 cross(const Vec4& a, const Vec4& b)
  This questionable: Vec4 inverse(const Vec4& v)
C:\Users\boomy\Desktop\humber\game-105\SDL\SDL_Project\Scene1.cpp(32,36): warning C4305: '=': truncation from 'double' to 'float'
C:\Users\boomy\Desktop\humber\game-105\SDL\SDL_Project\Scene1.cpp(123,36): warning C4244: '=': conversion from 'float' to 'int', possible loss of data
C:\Users\boomy\Desktop\humber\game-105\SDL\SDL_Project\Scene1.cpp(124,36): warning C4244: '=': conversion from 'float' to 'int', possible loss of data
C:\Users\boomy\Desktop\humber\game-105\SDL\SDL_Project\Scene1.cpp(131,41): warning C4244: '=': conversion from 'float' to 'int', possible loss of data
C:\Users\boomy\Desktop\humber\game-105\SDL\SDL_Project\Scene1.cpp(132,41): warning C4244: '=': conversion from 'float' to 'int', possible loss of data
  Timer.cpp
  Window.cpp
  Generating Code...
  LINK : C:\Users\boomy\Desktop\humber\game-105\SDL\Debug\SDL_Project.exe not found or not built by the last incremental link; performing full link
  SDL_Project.vcxproj -> C:\Users\boomy\Desktop\humber\game-105\SDL\Debug\SDL_Project.exe
